<?xml version="1.0" encoding="UTF-8"?>
<!-- Generated by org.testng.reporters.JUnitXMLReporter -->
<testsuite hostname="YASUs-MacBook-Pro.local" ignored="0" name="Google Test" tests="4" failures="0" timestamp="12 Jan 2020 23:24:39 GMT" time="25.583" errors="0">
  <testcase name="googleTitleTest_4" time="12.845" classname="com.mytests.GoogleTest"/>
  <testcase name="googleTitleTest_3" time="14.382" classname="com.mytests.GoogleTest"/>
  <testcase name="googleTitleTest_1" time="3.718" classname="com.mytests.GoogleTest"/>
  <testcase name="googleTitleTest_2" time="13.155" classname="com.mytests.GoogleTest"/>
</testsuite> <!-- Google Test -->
