<?xml version="1.0" encoding="UTF-8"?>
<testng-results skipped="0" failed="0" ignored="0" total="6" passed="6">
  <reporter-output>
  </reporter-output>
  <suite name="Thread Local Test Sanity Suite" duration-ms="30782" started-at="2020-01-12T23:24:09Z" finished-at="2020-01-12T23:24:40Z">
    <groups>
    </groups>
    <test name="Google Test" duration-ms="25583" started-at="2020-01-12T23:24:09Z" finished-at="2020-01-12T23:24:34Z">
      <class name="com.mytests.GoogleTest">
        <test-method status="PASS" signature="setUp(java.lang.String)[pri:0, instance:com.mytests.GoogleTest@5b275dab]" name="setUp" is-config="true" duration-ms="21476" started-at="2020-01-12T15:24:09Z" finished-at="2020-01-12T15:24:30Z">
          <params>
            <param index="0">
              <value>
                <![CDATA[chrome]]>
              </value>
            </param>
          </params>
          <reporter-output>
          </reporter-output>
        </test-method> <!-- setUp -->
        <test-method status="PASS" signature="setUp(java.lang.String)[pri:0, instance:com.mytests.GoogleTest@5b275dab]" name="setUp" is-config="true" duration-ms="8671" started-at="2020-01-12T15:24:09Z" finished-at="2020-01-12T15:24:18Z">
          <params>
            <param index="0">
              <value>
                <![CDATA[chrome]]>
              </value>
            </param>
          </params>
          <reporter-output>
          </reporter-output>
        </test-method> <!-- setUp -->
        <test-method status="PASS" signature="setUp(java.lang.String)[pri:0, instance:com.mytests.GoogleTest@5b275dab]" name="setUp" is-config="true" duration-ms="10438" started-at="2020-01-12T15:24:09Z" finished-at="2020-01-12T15:24:19Z">
          <params>
            <param index="0">
              <value>
                <![CDATA[chrome]]>
              </value>
            </param>
          </params>
          <reporter-output>
          </reporter-output>
        </test-method> <!-- setUp -->
        <test-method status="PASS" signature="setUp(java.lang.String)[pri:0, instance:com.mytests.GoogleTest@5b275dab]" name="setUp" is-config="true" duration-ms="12228" started-at="2020-01-12T15:24:09Z" finished-at="2020-01-12T15:24:21Z">
          <params>
            <param index="0">
              <value>
                <![CDATA[chrome]]>
              </value>
            </param>
          </params>
          <reporter-output>
          </reporter-output>
        </test-method> <!-- setUp -->
        <test-method status="PASS" signature="googleTitleTest_4()[pri:0, instance:com.mytests.GoogleTest@5b275dab]" name="googleTitleTest_4" duration-ms="12845" started-at="2020-01-12T15:24:18Z" finished-at="2020-01-12T15:24:30Z">
          <reporter-output>
          </reporter-output>
        </test-method> <!-- googleTitleTest_4 -->
        <test-method status="PASS" signature="googleTitleTest_3()[pri:0, instance:com.mytests.GoogleTest@5b275dab]" name="googleTitleTest_3" duration-ms="14382" started-at="2020-01-12T15:24:19Z" finished-at="2020-01-12T15:24:34Z">
          <reporter-output>
          </reporter-output>
        </test-method> <!-- googleTitleTest_3 -->
        <test-method status="PASS" signature="googleTitleTest_2()[pri:0, instance:com.mytests.GoogleTest@5b275dab]" name="googleTitleTest_2" duration-ms="13155" started-at="2020-01-12T15:24:21Z" finished-at="2020-01-12T15:24:34Z">
          <reporter-output>
          </reporter-output>
        </test-method> <!-- googleTitleTest_2 -->
        <test-method status="PASS" signature="googleTitleTest_1()[pri:0, instance:com.mytests.GoogleTest@5b275dab]" name="googleTitleTest_1" duration-ms="3718" started-at="2020-01-12T15:24:30Z" finished-at="2020-01-12T15:24:34Z">
          <reporter-output>
          </reporter-output>
        </test-method> <!-- googleTitleTest_1 -->
        <test-method status="PASS" signature="teardown()[pri:0, instance:com.mytests.GoogleTest@5b275dab]" name="teardown" is-config="true" duration-ms="158" started-at="2020-01-12T15:24:30Z" finished-at="2020-01-12T15:24:31Z">
          <reporter-output>
          </reporter-output>
        </test-method> <!-- teardown -->
        <test-method status="PASS" signature="teardown()[pri:0, instance:com.mytests.GoogleTest@5b275dab]" name="teardown" is-config="true" duration-ms="248" started-at="2020-01-12T15:24:34Z" finished-at="2020-01-12T15:24:34Z">
          <reporter-output>
          </reporter-output>
        </test-method> <!-- teardown -->
        <test-method status="PASS" signature="teardown()[pri:0, instance:com.mytests.GoogleTest@5b275dab]" name="teardown" is-config="true" duration-ms="194" started-at="2020-01-12T15:24:34Z" finished-at="2020-01-12T15:24:34Z">
          <reporter-output>
          </reporter-output>
        </test-method> <!-- teardown -->
        <test-method status="PASS" signature="teardown()[pri:0, instance:com.mytests.GoogleTest@5b275dab]" name="teardown" is-config="true" duration-ms="108" started-at="2020-01-12T15:24:34Z" finished-at="2020-01-12T15:24:34Z">
          <reporter-output>
          </reporter-output>
        </test-method> <!-- teardown -->
      </class> <!-- com.mytests.GoogleTest -->
    </test> <!-- Google Test -->
    <test name="FaceBook Test" duration-ms="30782" started-at="2020-01-12T23:24:09Z" finished-at="2020-01-12T23:24:40Z">
      <class name="com.mytests.FaceBookTest">
        <test-method status="PASS" signature="setUp(java.lang.String)[pri:0, instance:com.mytests.FaceBookTest@5622fdf]" name="setUp" is-config="true" duration-ms="6980" started-at="2020-01-12T15:24:09Z" finished-at="2020-01-12T15:24:16Z">
          <params>
            <param index="0">
              <value>
                <![CDATA[firefox]]>
              </value>
            </param>
          </params>
          <reporter-output>
          </reporter-output>
        </test-method> <!-- setUp -->
        <test-method status="PASS" signature="setUp(java.lang.String)[pri:0, instance:com.mytests.FaceBookTest@5622fdf]" name="setUp" is-config="true" duration-ms="3986" started-at="2020-01-12T15:24:09Z" finished-at="2020-01-12T15:24:13Z">
          <params>
            <param index="0">
              <value>
                <![CDATA[firefox]]>
              </value>
            </param>
          </params>
          <reporter-output>
          </reporter-output>
        </test-method> <!-- setUp -->
        <test-method status="PASS" signature="facebookTitleTest_2()[pri:0, instance:com.mytests.FaceBookTest@5622fdf]" name="facebookTitleTest_2" duration-ms="26532" started-at="2020-01-12T15:24:13Z" finished-at="2020-01-12T15:24:39Z">
          <reporter-output>
          </reporter-output>
        </test-method> <!-- facebookTitleTest_2 -->
        <test-method status="PASS" signature="facebookTitleTest_1()[pri:0, instance:com.mytests.FaceBookTest@5622fdf]" name="facebookTitleTest_1" duration-ms="20075" started-at="2020-01-12T15:24:16Z" finished-at="2020-01-12T15:24:36Z">
          <reporter-output>
          </reporter-output>
        </test-method> <!-- facebookTitleTest_1 -->
        <test-method status="PASS" signature="teardown()[pri:0, instance:com.mytests.FaceBookTest@5622fdf]" name="teardown" is-config="true" duration-ms="191" started-at="2020-01-12T15:24:36Z" finished-at="2020-01-12T15:24:36Z">
          <reporter-output>
          </reporter-output>
        </test-method> <!-- teardown -->
        <test-method status="PASS" signature="teardown()[pri:0, instance:com.mytests.FaceBookTest@5622fdf]" name="teardown" is-config="true" duration-ms="166" started-at="2020-01-12T15:24:39Z" finished-at="2020-01-12T15:24:40Z">
          <reporter-output>
          </reporter-output>
        </test-method> <!-- teardown -->
      </class> <!-- com.mytests.FaceBookTest -->
    </test> <!-- FaceBook Test -->
  </suite> <!-- Thread Local Test Sanity Suite -->
</testng-results>
